\BOOKMARK [1][-]{section.1}{\376\377\000I\000n\000t\000r\000o\000d\000u\000c\000t\000i\000o\000n}{}% 1
\BOOKMARK [2][-]{subsection.1.1}{\376\377\000P\000r\000o\000j\000e\000c\000t\000\040\000O\000b\000j\000e\000c\000t\000i\000v\000e\000s}{section.1}% 2
\BOOKMARK [2][-]{subsection.1.2}{\376\377\000R\000e\000q\000u\000i\000r\000e\000m\000e\000n\000t\000s}{section.1}% 3
\BOOKMARK [2][-]{subsection.1.3}{\376\377\000C\000o\000m\000p\000i\000l\000e\000\040\000a\000n\000d\000\040\000R\000u\000n\000\040\000I\000n\000s\000t\000r\000u\000c\000t\000i\000o\000n\000s}{section.1}% 4
\BOOKMARK [2][-]{subsection.1.4}{\376\377\000S\000c\000r\000i\000p\000t\000\040\000t\000o\000\040\000R\000u\000n\000\040\000t\000h\000e\000\040\000P\000r\000o\000j\000e\000c\000t}{section.1}% 5
\BOOKMARK [1][-]{section.2}{\376\377\000M\000e\000t\000h\000o\000d\000o\000l\000o\000g\000y}{}% 6
\BOOKMARK [2][-]{subsection.2.1}{\376\377\000D\000e\000v\000e\000l\000o\000p\000m\000e\000n\000t\000\040\000E\000n\000v\000i\000r\000o\000n\000m\000e\000n\000t}{section.2}% 7
\BOOKMARK [2][-]{subsection.2.2}{\376\377\000D\000e\000s\000i\000g\000n}{section.2}% 8
\BOOKMARK [2][-]{subsection.2.3}{\376\377\000S\000y\000s\000t\000e\000m\000\040\000C\000o\000m\000p\000o\000n\000e\000n\000t\000s}{section.2}% 9
\BOOKMARK [3][-]{subsubsection.2.3.1}{\376\377\000L\000o\000t\000M\000a\000n\000a\000g\000e\000r\000\040\000C\000l\000a\000s\000s}{subsection.2.3}% 10
\BOOKMARK [3][-]{subsubsection.2.3.2}{\376\377\000V\000e\000h\000i\000c\000l\000e\000F\000a\000c\000t\000o\000r\000y\000\040\000C\000l\000a\000s\000s}{subsection.2.3}% 11
\BOOKMARK [3][-]{subsubsection.2.3.3}{\376\377\000L\000i\000c\000e\000n\000s\000e\000P\000l\000a\000t\000e\000G\000e\000n\000e\000r\000a\000t\000o\000r\000\040\000C\000l\000a\000s\000s}{subsection.2.3}% 12
\BOOKMARK [3][-]{subsubsection.2.3.4}{\376\377\000P\000a\000r\000s\000e\000A\000r\000g\000s\000\040\000C\000l\000a\000s\000s}{subsection.2.3}% 13
\BOOKMARK [3][-]{subsubsection.2.3.5}{\376\377\000R\000e\000n\000t\000a\000l\000S\000h\000o\000p\000\040\000C\000l\000a\000s\000s}{subsection.2.3}% 14
\BOOKMARK [3][-]{subsubsection.2.3.6}{\376\377\000R\000e\000n\000t\000a\000l\000F\000i\000l\000e\000M\000a\000n\000a\000g\000e\000r\000\040\000C\000l\000a\000s\000s}{subsection.2.3}% 15
\BOOKMARK [3][-]{subsubsection.2.3.7}{\376\377\000S\000h\000o\000p\000P\000e\000r\000s\000i\000s\000t\000a\000n\000c\000e\000M\000a\000n\000a\000g\000e\000r\000\040\000C\000l\000a\000s\000s}{subsection.2.3}% 16
\BOOKMARK [3][-]{subsubsection.2.3.8}{\376\377\000O\000t\000h\000e\000r\000\040\000C\000l\000a\000s\000s\000e\000s}{subsection.2.3}% 17
\BOOKMARK [2][-]{subsection.2.4}{\376\377\000F\000i\000l\000e\000s\000\040\000a\000n\000d\000\040\000D\000i\000r\000e\000c\000t\000o\000r\000i\000e\000s}{section.2}% 18
\BOOKMARK [3][-]{subsubsection.2.4.1}{\376\377\000L\000o\000t\000s\000\040\000D\000i\000r\000e\000c\000t\000o\000r\000y}{subsection.2.4}% 19
\BOOKMARK [3][-]{subsubsection.2.4.2}{\376\377\000S\000h\000o\000p\000s\000\040\000D\000i\000r\000e\000c\000t\000o\000r\000y}{subsection.2.4}% 20
\BOOKMARK [3][-]{subsubsection.2.4.3}{\376\377\000I\000n\000d\000e\000x\000e\000s\000\040\000D\000i\000r\000e\000c\000t\000o\000r\000y}{subsection.2.4}% 21
\BOOKMARK [2][-]{subsection.2.5}{\376\377\000T\000e\000s\000t\000i\000n\000g}{section.2}% 22
\BOOKMARK [1][-]{section.3}{\376\377\000A\000I\000\040\000D\000i\000s\000c\000l\000o\000s\000u\000r\000e}{}% 23
\BOOKMARK [1][-]{section.4}{\376\377\000C\000o\000n\000c\000l\000u\000s\000i\000o\000n}{}% 24
